<?xml version="1.0" encoding="UTF-8"?>
<!-- Generated by org.testng.reporters.JUnitReportReporter -->
<testsuite hostname="DESKTOP-ELMQU7L" failures="0" tests="1" name="com.testng.selenium.v2.TC05_AddToCart" time="77.510" errors="0" timestamp="2024-10-14T22:51:51 PST" skipped="0">
  <testcase classname="com.testng.selenium.v2.TC05_AddToCart" name="VerifyAddToCart" time="77.510"/>
  <system-out/>
</testsuite> <!-- com.testng.selenium.v2.TC05_AddToCart -->
