<?xml version="1.0" encoding="UTF-8"?>
<!-- Generated by org.testng.reporters.JUnitReportReporter -->
<testsuite hostname="DESKTOP-ELMQU7L" failures="0" tests="1" name="com.testng.selenium.v2.TC02_VerifyValidLogin" time="67.186" errors="0" timestamp="2024-10-14T10:54:07 PST" skipped="0">
  <testcase classname="com.testng.selenium.v2.TC02_VerifyValidLogin" name="VerifyValidLogin" time="67.186"/>
  <system-out/>
</testsuite> <!-- com.testng.selenium.v2.TC02_VerifyValidLogin -->
